mode: set
auditlogtools/repository.go:20.44,24.2 1 1
auditlogtools/repository.go:26.53,27.79 1 1
auditlogtools/repository.go:27.79,29.3 1 1
auditlogtools/repository.go:31.2,31.12 1 1
auditlogtools/repository.go:34.37,35.102 1 1
auditlogtools/repository.go:35.102,37.3 1 1
auditlogtools/repository.go:39.2,39.98 1 1
auditlogtools/repository.go:39.98,41.3 1 1
auditlogtools/repository.go:43.2,43.56 1 1
auditlogtools/repository.go:43.56,45.3 1 1
auditlogtools/repository.go:47.2,47.12 1 1
auditlogtools/repository.go:50.81,53.84 3 1
auditlogtools/repository.go:53.84,55.3 1 1
auditlogtools/repository.go:57.2,57.12 1 1
auditlogtools/repository.go:57.12,59.3 1 1
auditlogtools/repository.go:61.2,61.47 1 1
auditlogtools/repository.go:61.47,63.3 1 1
auditlogtools/repository.go:65.2,65.12 1 1
auditlogtools/repository.go:68.57,71.74 3 1
auditlogtools/repository.go:71.74,73.3 1 1
auditlogtools/repository.go:75.2,75.12 1 1
auditlogtools/repository.go:75.12,77.3 1 1
auditlogtools/repository.go:79.2,79.94 1 1
auditlogtools/repository.go:79.94,81.3 1 1
auditlogtools/repository.go:83.2,83.12 1 1
auditlogtools/repository.go:86.77,89.101 3 1
auditlogtools/repository.go:89.101,91.3 1 1
auditlogtools/repository.go:93.2,93.12 1 1
auditlogtools/repository.go:93.12,95.3 1 1
auditlogtools/repository.go:97.2,97.89 1 1
auditlogtools/repository.go:97.89,99.3 1 1
auditlogtools/repository.go:101.2,103.98 3 1
auditlogtools/repository.go:103.98,105.3 1 1
auditlogtools/repository.go:107.2,107.20 1 1
auditlogtools/repository.go:107.20,109.3 1 1
auditlogtools/repository.go:111.2,111.12 1 1
auditlogtools/repository.go:114.66,117.87 3 1
auditlogtools/repository.go:117.87,119.3 1 1
auditlogtools/repository.go:120.2,120.12 1 1
auditlogtools/repository.go:120.12,122.3 1 1
auditlogtools/repository.go:124.2,126.86 3 1
auditlogtools/repository.go:126.86,128.3 1 1
auditlogtools/repository.go:130.2,130.20 1 1
auditlogtools/repository.go:130.20,132.3 1 1
auditlogtools/repository.go:134.2,134.12 1 1
auditlogtools/workflow.go:20.50,22.2 1 1
auditlogtools/workflow.go:24.53,26.56 2 1
auditlogtools/workflow.go:26.56,28.3 1 1
auditlogtools/workflow.go:30.2,30.48 1 1
auditlogtools/workflow.go:30.48,32.3 1 1
auditlogtools/workflow.go:34.2,34.38 1 1
auditlogtools/workflow.go:34.38,36.3 1 1
auditlogtools/workflow.go:38.2,38.79 1 1
auditlogtools/workflow.go:38.79,40.3 1 1
auditlogtools/workflow.go:42.2,42.81 1 1
auditlogtools/workflow.go:42.81,44.3 1 1
auditlogtools/workflow.go:46.2,46.58 1 1
auditlogtools/workflow.go:46.58,48.3 1 1
auditlogtools/workflow.go:50.2,50.40 1 1
auditlogtools/workflow.go:50.40,51.65 1 1
auditlogtools/workflow.go:51.65,53.4 1 1
auditlogtools/workflow.go:56.2,56.12 1 1
